<?xml version="1.0" encoding="UTF-8"?>
<!-- Generated by org.testng.reporters.JUnitXMLReporter -->
<testsuite ignored="1" hostname="Sohrabs-Air.lan" failures="0" tests="2" name="Testing Parameterization chrome" time="23.582" errors="0" timestamp="2024-01-29T19:33:44 GST">
  <testcase classname="com.test.testcase.flightBooking" name="intializeTest" time="6.437"/>
  <testcase classname="com.test.testcase.flightBooking" name="aTestFlightBooking" time="17.115"/>
  <testcase classname="com.test.testcase.flightBooking" name="setData" time="0.0">
    <ignored/>
  </testcase> <!-- setData -->
</testsuite> <!-- Testing Parameterization chrome -->
