<?xml version="1.0" encoding="UTF-8"?>
<testng-results ignored="0" total="2" passed="2" failed="0" skipped="0">
  <reporter-output>
  </reporter-output>
  <suite started-at="2024-01-29T19:33:20 GST" name="Parameterization Test Suite" finished-at="2024-01-29T19:33:44 GST" duration-ms="23582">
    <groups>
    </groups>
    <test started-at="2024-01-29T19:33:20 GST" name="Testing Parameterization chrome" finished-at="2024-01-29T19:33:44 GST" duration-ms="23582">
      <class name="com.test.testcase.flightBooking">
        <test-method signature="intializeTest()[pri:0, instance:com.test.testcase.flightBooking@6be968ce]" started-at="2024-01-29T19:33:20 GST" name="intializeTest" finished-at="2024-01-29T19:33:26 GST" duration-ms="6437" status="PASS">
          <reporter-output>
          </reporter-output>
        </test-method> <!-- intializeTest -->
        <test-method signature="aTestFlightBooking(java.lang.String,java.lang.String)[pri:0, instance:com.test.testcase.flightBooking@6be968ce]" started-at="2024-01-29T19:33:26 GST" name="aTestFlightBooking" finished-at="2024-01-29T19:33:44 GST" depends-on-methods="com.test.testcase.flightBooking.intializeTest" duration-ms="17115" status="PASS">
          <params>
            <param index="0">
              <value>
                <![CDATA[testuser]]>
              </value>
            </param>
            <param index="1">
              <value>
                <![CDATA[testpassword]]>
              </value>
            </param>
          </params>
          <reporter-output>
          </reporter-output>
        </test-method> <!-- aTestFlightBooking -->
      </class> <!-- com.test.testcase.flightBooking -->
    </test> <!-- Testing Parameterization chrome -->
  </suite> <!-- Parameterization Test Suite -->
</testng-results>
